#
# There is insufficient memory for the Java Runtime Environment to continue.
# Native memory allocation (malloc) failed to allocate 361456 bytes for Chunk::new
# Possible reasons:
#   The system is out of physical RAM or swap space
#   In 32 bit mode, the process size limit was hit
# Possible solutions:
#   Reduce memory load on the system
#   Increase physical memory or swap space
#   Check if swap backing store is full
#   Use 64 bit Java on a 64 bit OS
#   Decrease Java heap size (-Xmx/-Xms)
#   Decrease number of Java threads
#   Decrease Java thread stack sizes (-Xss)
#   Set larger code cache with -XX:ReservedCodeCacheSize=
# This output file may be truncated or incomplete.
#
#  Out of Memory Error (allocation.cpp:390), pid=7736, tid=0x0000000000001b90
#
# JRE version: Java(TM) SE Runtime Environment (8.0_131-b11) (build 1.8.0_131-b11)
# Java VM: Java HotSpot(TM) 64-Bit Server VM (25.131-b11 mixed mode windows-amd64 compressed oops)
# Failed to write core dump. Minidumps are not enabled by default on client versions of Windows
#

---------------  T H R E A D  ---------------

Current thread (0x0000000016d9e800):  JavaThread "C2 CompilerThread0" daemon [_thread_in_native, id=7056, stack(0x00000000183e0000,0x00000000184e0000)]

Stack: [0x00000000183e0000,0x00000000184e0000]
[error occurred during error reporting (printing stack bounds), id 0xc0000005]

Native frames: (J=compiled Java code, j=interpreted, Vv=VM code, C=native code)


Current CompileTask:
C2:   5867  810 %     4       com.jcraft.jorbis.Floor1::inverse1 @ 84 (590 bytes)


---------------  P R O C E S S  ---------------

Java Threads: ( => current thread )
  0x0000000019258800 JavaThread "LWJGL Timer" daemon [_thread_blocked, id=676, stack(0x0000000023d10000,0x0000000023e10000)]
  0x000000001917a000 JavaThread "AsynchExecutor-Thread" daemon [_thread_blocked, id=13648, stack(0x0000000023c10000,0x0000000023d10000)]
  0x0000000004622800 JavaThread "DestroyJavaVM" [_thread_blocked, id=11596, stack(0x0000000004520000,0x0000000004620000)]
  0x00000000189fc000 JavaThread "LWJGL Application" [_thread_in_native, id=11760, stack(0x0000000019d10000,0x0000000019e10000)]
  0x0000000016dfe000 JavaThread "Service Thread" daemon [_thread_blocked, id=9028, stack(0x0000000018ae0000,0x0000000018be0000)]
  0x0000000016da7000 JavaThread "C1 CompilerThread2" daemon [_thread_blocked, id=7620, stack(0x00000000185e0000,0x00000000186e0000)]
  0x0000000016da1800 JavaThread "C2 CompilerThread1" daemon [_thread_blocked, id=2304, stack(0x00000000184e0000,0x00000000185e0000)]
=>0x0000000016d9e800 JavaThread "C2 CompilerThread0" daemon [_thread_in_native, id=7056, stack(0x00000000183e0000,0x00000000184e0000)]
  0x0000000016d9c800 JavaThread "Attach Listener" daemon [_thread_blocked, id=14652, stack(0x00000000182e0000,0x00000000183e0000)]
  0x0000000016d9b000 JavaThread "Signal Dispatcher" daemon [_thread_blocked, id=680, stack(0x00000000181e0000,0x00000000182e0000)]
  0x000000000471d000 JavaThread "Finalizer" daemon [_thread_blocked, id=12572, stack(0x0000000017ff0000,0x00000000180f0000)]
  0x0000000004712000 JavaThread "Reference Handler" daemon [_thread_blocked, id=12072, stack(0x0000000017ef0000,0x0000000017ff0000)]

Other Threads:
  0x0000000016d68000 VMThread [stack: 0x0000000017df0000,0x0000000017ef0000] [id=12004]
  0x0000000018731800 WatcherThread [stack: 0x0000000018be0000,0x0000000018ce0000] [id=4212]

VM state:not at safepoint (normal execution)

VM Mutex/Monitor currently owned by a thread: None

Heap:
 PSYoungGen      total 18944K, used 8431K [0x00000000ead80000, 0x00000000ec280000, 0x0000000100000000)
  eden space 16384K, 35% used [0x00000000ead80000,0x00000000eb342168,0x00000000ebd80000)
  from space 2560K, 99% used [0x00000000ebd80000,0x00000000ebff9ae0,0x00000000ec000000)
  to   space 2560K, 0% used [0x00000000ec000000,0x00000000ec000000,0x00000000ec280000)
 ParOldGen       total 44032K, used 1770K [0x00000000c0800000, 0x00000000c3300000, 0x00000000ead80000)
  object space 44032K, 4% used [0x00000000c0800000,0x00000000c09baa70,0x00000000c3300000)
 Metaspace       used 7868K, capacity 7939K, committed 8064K, reserved 1056768K
  class space    used 747K, capacity 784K, committed 896K, reserved 1048576K

Card table byte_map: [0x0000000013ae0000,0x0000000013ce0000] byte_map_base: 0x00000000134dc000

Marking Bits: (ParMarkBitMap*) 0x0000000065bfc720
 Begin Bits: [0x0000000014240000, 0x0000000015220000)
 End Bits:   [0x0000000015220000, 0x0000000016200000)

Polling page: 0x0000000002b70000

CodeCache: size=245760Kb used=3419Kb max_used=3430Kb free=242340Kb
 bounds [0x0000000004720000, 0x0000000004a80000, 0x0000000013720000]
 total_blobs=1285 nmethods=815 adapters=383
 compilation: enabled

Compilation events (10 events):
Event: 5.843 Thread 0x0000000016da7000  812       1       org.lwjgl.opengl.ContextGL::getPeerInfo (5 bytes)
Event: 5.844 Thread 0x0000000016da7000 nmethod 812 0x0000000004a78850 code [0x0000000004a789a0, 0x0000000004a78ab0]
Event: 5.855 Thread 0x0000000016da7000  813       1       org.lwjgl.opengl.WindowsDisplay::isActive (5 bytes)
Event: 5.855 Thread 0x0000000016da7000 nmethod 813 0x0000000004a78b10 code [0x0000000004a78c60, 0x0000000004a78d70]
Event: 5.855 Thread 0x0000000016da7000  814       1       org.lwjgl.opengl.WindowsDisplay::getX (5 bytes)
Event: 5.855 Thread 0x0000000016da7000 nmethod 814 0x0000000004a78dd0 code [0x0000000004a78f20, 0x0000000004a79030]
Event: 5.855 Thread 0x0000000016da7000  815       1       org.lwjgl.opengl.WindowsDisplay::getY (5 bytes)
Event: 5.855 Thread 0x0000000016da7000 nmethod 815 0x0000000004a79090 code [0x0000000004a791e0, 0x0000000004a792f0]
Event: 5.857 Thread 0x0000000016da1800  816       4       com.badlogic.gdx.utils.Array$ArrayIterator::hasNext (37 bytes)
Event: 5.858 Thread 0x0000000016da1800 nmethod 816 0x0000000004a7bfd0 code [0x0000000004a7c100, 0x0000000004a7c198]

GC Heap History (2 events):
Event: 4.210 GC heap before
{Heap before GC invocations=1 (full 0):
 PSYoungGen      total 18944K, used 16384K [0x00000000ead80000, 0x00000000ec280000, 0x0000000100000000)
  eden space 16384K, 100% used [0x00000000ead80000,0x00000000ebd80000,0x00000000ebd80000)
  from space 2560K, 0% used [0x00000000ec000000,0x00000000ec000000,0x00000000ec280000)
  to   space 2560K, 0% used [0x00000000ebd80000,0x00000000ebd80000,0x00000000ec000000)
 ParOldGen       total 44032K, used 0K [0x00000000c0800000, 0x00000000c3300000, 0x00000000ead80000)
  object space 44032K, 0% used [0x00000000c0800000,0x00000000c0800000,0x00000000c3300000)
 Metaspace       used 7576K, capacity 7715K, committed 7936K, reserved 1056768K
  class space    used 725K, capacity 752K, committed 768K, reserved 1048576K
Event: 4.216 GC heap after
Heap after GC invocations=1 (full 0):
 PSYoungGen      total 18944K, used 2534K [0x00000000ead80000, 0x00000000ec280000, 0x0000000100000000)
  eden space 16384K, 0% used [0x00000000ead80000,0x00000000ead80000,0x00000000ebd80000)
  from space 2560K, 99% used [0x00000000ebd80000,0x00000000ebff9ae0,0x00000000ec000000)
  to   space 2560K, 0% used [0x00000000ec000000,0x00000000ec000000,0x00000000ec280000)
 ParOldGen       total 44032K, used 1770K [0x00000000c0800000, 0x00000000c3300000, 0x00000000ead80000)
  object space 44032K, 4% used [0x00000000c0800000,0x00000000c09baa70,0x00000000c3300000)
 Metaspace       used 7576K, capacity 7715K, committed 7936K, reserved 1056768K
  class space    used 725K, capacity 752K, committed 768K, reserved 1048576K
}

Deoptimization events (5 events):
Event: 3.529 Thread 0x000000001917a000 Uncommon trap: reason=unstable_if action=reinterpret pc=0x00000000048f2b6c method=java.lang.String.<init>([CII)V @ 18
Event: 3.918 Thread 0x000000001917a000 Uncommon trap: reason=unstable_if action=reinterpret pc=0x0000000004974740 method=com.jcraft.jogg.Buffer.read(I)I @ 23
Event: 4.077 Thread 0x000000001917a000 Uncommon trap: reason=unstable_if action=reinterpret pc=0x00000000049858f4 method=com.badlogic.gdx.backends.lwjgl.audio.OggInputStream.read()I @ 11
Event: 4.524 Thread 0x000000001917a000 Uncommon trap: reason=unstable_if action=reinterpret pc=0x00000000049ebbec method=com.jcraft.jorbis.Mapping0.inverse(Lcom/jcraft/jorbis/Block;Ljava/lang/Object;)I @ 214
Event: 4.524 Thread 0x000000001917a000 Uncommon trap: reason=unstable_if action=reinterpret pc=0x00000000049d4f48 method=com.jcraft.jorbis.Mapping0.inverse(Lcom/jcraft/jorbis/Block;Ljava/lang/Object;)I @ 214

Internal exceptions (10 events):
Event: 0.319 Thread 0x0000000004622800 Exception <a 'java/security/PrivilegedActionException'> (0x00000000eb20b160) thrown at [C:\re\workspace\8-2-build-windows-amd64-cygwin\jdk8u131\8869\hotspot\src\share\vm\prims\jvm.cpp, line 1390]
Event: 0.319 Thread 0x0000000004622800 Exception <a 'java/security/PrivilegedActionException'> (0x00000000eb20b370) thrown at [C:\re\workspace\8-2-build-windows-amd64-cygwin\jdk8u131\8869\hotspot\src\share\vm\prims\jvm.cpp, line 1390]
Event: 0.320 Thread 0x0000000004622800 Exception <a 'java/security/PrivilegedActionException'> (0x00000000eb20f280) thrown at [C:\re\workspace\8-2-build-windows-amd64-cygwin\jdk8u131\8869\hotspot\src\share\vm\prims\jvm.cpp, line 1390]
Event: 0.320 Thread 0x0000000004622800 Exception <a 'java/security/PrivilegedActionException'> (0x00000000eb20f490) thrown at [C:\re\workspace\8-2-build-windows-amd64-cygwin\jdk8u131\8869\hotspot\src\share\vm\prims\jvm.cpp, line 1390]
Event: 0.475 Thread 0x0000000004622800 Exception <a 'java/security/PrivilegedActionException'> (0x00000000eb3440e8) thrown at [C:\re\workspace\8-2-build-windows-amd64-cygwin\jdk8u131\8869\hotspot\src\share\vm\prims\jvm.cpp, line 1390]
Event: 0.475 Thread 0x0000000004622800 Exception <a 'java/security/PrivilegedActionException'> (0x00000000eb345dc0) thrown at [C:\re\workspace\8-2-build-windows-amd64-cygwin\jdk8u131\8869\hotspot\src\share\vm\prims\jvm.cpp, line 1390]
Event: 0.475 Thread 0x0000000004622800 Exception <a 'java/security/PrivilegedActionException'> (0x00000000eb346f30) thrown at [C:\re\workspace\8-2-build-windows-amd64-cygwin\jdk8u131\8869\hotspot\src\share\vm\prims\jvm.cpp, line 1390]
Event: 0.476 Thread 0x0000000004622800 Exception <a 'java/security/PrivilegedActionException'> (0x00000000eb34c128) thrown at [C:\re\workspace\8-2-build-windows-amd64-cygwin\jdk8u131\8869\hotspot\src\share\vm\prims\jvm.cpp, line 1390]
Event: 0.476 Thread 0x0000000004622800 Exception <a 'java/security/PrivilegedActionException'> (0x00000000eb34cd80) thrown at [C:\re\workspace\8-2-build-windows-amd64-cygwin\jdk8u131\8869\hotspot\src\share\vm\prims\jvm.cpp, line 1390]
Event: 0.476 Thread 0x0000000004622800 Exception <a 'java/security/PrivilegedActionException'> (0x00000000eb34d9a8) thrown at [C:\re\workspace\8-2-build-windows-amd64-cygwin\jdk8u131\8869\hotspot\src\share\vm\prims\jvm.cpp, line 1390]

Events (10 events):
Event: 4.676 loading class com/mygdx/game/GameScreen$CollisionCell
Event: 4.676 loading class com/mygdx/game/GameScreen$CollisionCell done
Event: 4.676 loading class com/badlogic/gdx/math/Intersector
Event: 4.676 loading class com/badlogic/gdx/math/Intersector done
Event: 4.680 loading class com/badlogic/gdx/graphics/g2d/Animation$1
Event: 4.680 loading class com/badlogic/gdx/graphics/g2d/Animation$1 done
Event: 5.088 Thread 0x00000000189fc000 DEOPT PACKING pc=0x0000000004a3477b sp=0x0000000019e0f040
Event: 5.088 Thread 0x00000000189fc000 DEOPT UNPACKING pc=0x000000000476787f sp=0x0000000019e0ed00 mode 0
Event: 5.137 Thread 0x00000000189fc000 DEOPT PACKING pc=0x00000000049d9488 sp=0x0000000019e0ed60
Event: 5.137 Thread 0x00000000189fc000 DEOPT UNPACKING pc=0x000000000476787f sp=0x0000000019e0ea60 mode 0


Dynamic libraries:
0x00007ff7d0430000 - 0x00007ff7d0467000 	C:\Program Files\Java\jdk1.8.0_131\bin\java.exe
0x00007ff8960a0000 - 0x00007ff896280000 	C:\WINDOWS\SYSTEM32\ntdll.dll
0x00007ff893570000 - 0x00007ff89361e000 	C:\WINDOWS\System32\KERNEL32.DLL
0x00007ff893300000 - 0x00007ff893566000 	C:\WINDOWS\System32\KERNELBASE.dll
0x00007ff8956e0000 - 0x00007ff895781000 	C:\WINDOWS\System32\ADVAPI32.dll
0x00007ff895640000 - 0x00007ff8956dd000 	C:\WINDOWS\System32\msvcrt.dll
0x00007ff893990000 - 0x00007ff8939eb000 	C:\WINDOWS\System32\sechost.dll
0x00007ff8940e0000 - 0x00007ff8941ff000 	C:\WINDOWS\System32\RPCRT4.dll
0x00007ff893690000 - 0x00007ff89381f000 	C:\WINDOWS\System32\USER32.dll
0x00007ff892c40000 - 0x00007ff892c60000 	C:\WINDOWS\System32\win32u.dll
0x00007ff8957f0000 - 0x00007ff895818000 	C:\WINDOWS\System32\GDI32.dll
0x00007ff892f80000 - 0x00007ff893113000 	C:\WINDOWS\System32\gdi32full.dll
0x00007ff892c60000 - 0x00007ff892cfb000 	C:\WINDOWS\System32\msvcp_win.dll
0x00007ff893180000 - 0x00007ff893276000 	C:\WINDOWS\System32\ucrtbase.dll
0x00007ff87ea10000 - 0x00007ff87ec79000 	C:\WINDOWS\WinSxS\amd64_microsoft.windows.common-controls_6595b64144ccf1df_6.0.16299.192_none_15c8cdae9364c23b\COMCTL32.dll
0x00007ff893d20000 - 0x00007ff894028000 	C:\WINDOWS\System32\combase.dll
0x00007ff893280000 - 0x00007ff8932f2000 	C:\WINDOWS\System32\bcryptPrimitives.dll
0x00007ff8940b0000 - 0x00007ff8940dd000 	C:\WINDOWS\System32\IMM32.DLL
0x0000000065300000 - 0x00000000653d2000 	C:\Program Files\Java\jdk1.8.0_131\jre\bin\msvcr100.dll
0x00000000653e0000 - 0x0000000065c7c000 	C:\Program Files\Java\jdk1.8.0_131\jre\bin\server\jvm.dll
0x00007ff893910000 - 0x00007ff893918000 	C:\WINDOWS\System32\PSAPI.DLL
0x00007ff883680000 - 0x00007ff883689000 	C:\WINDOWS\SYSTEM32\WSOCK32.dll
0x00007ff88f0c0000 - 0x00007ff88f0e3000 	C:\WINDOWS\SYSTEM32\WINMM.dll
0x00007ff8939f0000 - 0x00007ff893a5c000 	C:\WINDOWS\System32\WS2_32.dll
0x00007ff88a3c0000 - 0x00007ff88a3ca000 	C:\WINDOWS\SYSTEM32\VERSION.dll
0x00007ff88f060000 - 0x00007ff88f08a000 	C:\WINDOWS\SYSTEM32\WINMMBASE.dll
0x00007ff892bf0000 - 0x00007ff892c3a000 	C:\WINDOWS\System32\cfgmgr32.dll
0x00000000652b0000 - 0x00000000652bf000 	C:\Program Files\Java\jdk1.8.0_131\jre\bin\verify.dll
0x0000000065280000 - 0x00000000652a9000 	C:\Program Files\Java\jdk1.8.0_131\jre\bin\java.dll
0x0000000065260000 - 0x0000000065276000 	C:\Program Files\Java\jdk1.8.0_131\jre\bin\zip.dll
0x00007ff894200000 - 0x00007ff895636000 	C:\WINDOWS\System32\SHELL32.dll
0x00007ff895d10000 - 0x00007ff895db6000 	C:\WINDOWS\System32\shcore.dll
0x00007ff8924a0000 - 0x00007ff892be7000 	C:\WINDOWS\System32\windows.storage.dll
0x00007ff895790000 - 0x00007ff8957e1000 	C:\WINDOWS\System32\shlwapi.dll
0x00007ff892460000 - 0x00007ff892471000 	C:\WINDOWS\System32\kernel.appcore.dll
0x00007ff892410000 - 0x00007ff89245c000 	C:\WINDOWS\System32\powrprof.dll
0x00007ff8923f0000 - 0x00007ff89240b000 	C:\WINDOWS\System32\profapi.dll
0x00000000043a0000 - 0x0000000004436000 	C:\Users\Fudan\AppData\Local\Temp\libgdxFudan\38c81921\gdx64.dll
0x00007ff891de0000 - 0x00007ff891df7000 	C:\WINDOWS\SYSTEM32\CRYPTSP.dll
0x00007ff891830000 - 0x00007ff891863000 	C:\WINDOWS\system32\rsaenh.dll
0x00007ff891ef0000 - 0x00007ff891f15000 	C:\WINDOWS\SYSTEM32\bcrypt.dll
0x00007ff8922f0000 - 0x00007ff892319000 	C:\WINDOWS\SYSTEM32\USERENV.dll
0x00007ff891e00000 - 0x00007ff891e0b000 	C:\WINDOWS\SYSTEM32\CRYPTBASE.dll
0x0000000065240000 - 0x000000006525a000 	C:\Program Files\Java\jdk1.8.0_131\jre\bin\net.dll
0x00007ff891c20000 - 0x00007ff891c86000 	C:\WINDOWS\system32\mswsock.dll
0x00007ff8919b0000 - 0x00007ff8919e9000 	C:\WINDOWS\SYSTEM32\IPHLPAPI.DLL
0x00007ff893920000 - 0x00007ff893928000 	C:\WINDOWS\System32\NSI.dll
0x00007ff88d050000 - 0x00007ff88d066000 	C:\WINDOWS\SYSTEM32\dhcpcsvc6.DLL
0x00007ff88ced0000 - 0x00007ff88ceea000 	C:\WINDOWS\SYSTEM32\dhcpcsvc.DLL
0x0000000065220000 - 0x0000000065231000 	C:\Program Files\Java\jdk1.8.0_131\jre\bin\nio.dll
0x0000000180000000 - 0x0000000180053000 	C:\Users\Fudan\AppData\Local\Temp\libgdxFudan\dc0f0009\lwjgl64.dll
0x00007ff8761a0000 - 0x00007ff8762be000 	C:\WINDOWS\SYSTEM32\OPENGL32.dll
0x00007ff8852f0000 - 0x00007ff88531c000 	C:\WINDOWS\SYSTEM32\GLU32.dll
0x0000000004460000 - 0x00000000044c4000 	C:\Users\Fudan\AppData\Local\Temp\libgdxFudan\dc0f0009\OpenAL64.dll
0x00007ff893bd0000 - 0x00007ff893d19000 	C:\WINDOWS\System32\ole32.dll
0x00007ff8907c0000 - 0x00007ff890855000 	C:\WINDOWS\system32\uxtheme.dll
0x00007ff895c70000 - 0x00007ff895d0e000 	C:\WINDOWS\System32\clbcatq.dll
0x00007ff890fa0000 - 0x00007ff891151000 	C:\WINDOWS\System32\PROPSYS.dll
0x00007ff893820000 - 0x00007ff8938e5000 	C:\WINDOWS\System32\OLEAUT32.dll
0x00007ff876060000 - 0x00007ff8760ef000 	C:\WINDOWS\SYSTEM32\dsound.dll
0x00007ff88c270000 - 0x00007ff88c2df000 	C:\WINDOWS\System32\MMDevApi.dll
0x00007ff892200000 - 0x00007ff892227000 	C:\WINDOWS\System32\DEVOBJ.dll
0x00007ff872a50000 - 0x00007ff872b72000 	C:\WINDOWS\SYSTEM32\AUDIOSES.DLL
0x00007ff88cf10000 - 0x00007ff88d046000 	C:\WINDOWS\SYSTEM32\wintypes.dll
0x00007ff88d850000 - 0x00007ff88d85a000 	C:\WINDOWS\SYSTEM32\AVRT.dll
0x00007ff893a60000 - 0x00007ff893bc7000 	C:\WINDOWS\System32\MSCTF.dll
0x00007ff890a10000 - 0x00007ff890a3a000 	C:\WINDOWS\system32\dwmapi.dll
0x00007ff88b8f0000 - 0x00007ff88b988000 	C:\WINDOWS\System32\TextInputFramework.dll
0x00007ff88d1c0000 - 0x00007ff88d4ae000 	C:\WINDOWS\System32\CoreUIComponents.dll
0x00007ff88fe90000 - 0x00007ff88ff6c000 	C:\WINDOWS\System32\CoreMessaging.dll
0x00007ff891530000 - 0x00007ff891561000 	C:\WINDOWS\SYSTEM32\ntmarta.dll
0x0000000060490000 - 0x0000000062758000 	C:\WINDOWS\SYSTEM32\nvoglv64.DLL
0x00007ff895820000 - 0x00007ff895c6e000 	C:\WINDOWS\System32\SETUPAPI.dll
0x00007ff88ee10000 - 0x00007ff88ee23000 	C:\WINDOWS\SYSTEM32\WTSAPI32.dll
0x00007ff893120000 - 0x00007ff893178000 	C:\WINDOWS\System32\WINTRUST.dll
0x00007ff892480000 - 0x00007ff892492000 	C:\WINDOWS\System32\MSASN1.dll
0x00007ff892db0000 - 0x00007ff892f7e000 	C:\WINDOWS\System32\CRYPT32.dll
0x00007ff8827d0000 - 0x00007ff882a24000 	C:\WINDOWS\system32\nvspcap64.dll
0x00007ff88bc00000 - 0x00007ff88bc97000 	C:\WINDOWS\SYSTEM32\mscms.dll
0x00007ff87b820000 - 0x00007ff87b861000 	C:\WINDOWS\SYSTEM32\icm32.dll
0x00007ff891f20000 - 0x00007ff891f75000 	C:\WINDOWS\SYSTEM32\WINSTA.dll

VM Arguments:
jvm_args: -Dfile.encoding=windows-1252 -Duser.country=GB -Duser.language=en -Duser.variant 
java_command: com.mygdx.game.desktop.DesktopLauncher
java_class_path (initial): D:\Dropbox\LibGDX Projects\Ardilla\desktop\build\classes\main;D:\Dropbox\LibGDX Projects\Ardilla\desktop\build\resources\main;D:\Dropbox\LibGDX Projects\Ardilla\core\build\libs\core-1.0.jar;C:\Users\Fudan\.gradle\caches\modules-2\files-2.1\com.badlogicgames.gdx\gdx-backend-lwjgl\1.9.6\ee7c23636ee4a942d329579daecc3ec5e517fe4c\gdx-backend-lwjgl-1.9.6.jar;C:\Users\Fudan\.gradle\caches\modules-2\files-2.1\com.badlogicgames.gdx\gdx-platform\1.9.6\6f84dd7a18dc68e4ec492dfbb0594f930babcf63\gdx-platform-1.9.6-natives-desktop.jar;C:\Users\Fudan\.gradle\caches\modules-2\files-2.1\com.badlogicgames.gdx\gdx-box2d-platform\1.9.6\d7b6168f5afd3948fd126c0b248f66c49b73ca35\gdx-box2d-platform-1.9.6-natives-desktop.jar;C:\Users\Fudan\.gradle\caches\modules-2\files-2.1\com.badlogicgames.gdx\gdx-tools\1.9.6\c666f1f58fcd461a023529991f463f3a9e3c5fec\gdx-tools-1.9.6.jar;C:\Users\Fudan\.gradle\caches\modules-2\files-2.1\com.badlogicgames.gdx\gdx-freetype-platform\1.9.6\4c24b0349ba9756a29e84a77dcb2f17e47bbcef3\gdx-freetype-platform-1.9.6-natives-desktop.jar;C:\Users\Fudan\.gradle\caches\modules-2\files-2.1\com.badlogicgames.gdx\gdx\1.9.6\47d1e9b890e364ec28f128e9bb3b9a12a94c164\gdx-1.9.6.jar;C:\Users\Fudan\.gradle\caches\modules-2\files-2.1\com.badlogicgames.gdx\gdx-box2d\1.9.6\c249ef4060a4fada952f278455c8f7b9cba3c18a\gdx-box2d-1.9.6.jar;C:\Users\Fudan\.gradle\caches\modules-2\files-2.1\com.badlogicgames.gdx\gdx-freetype\1.9.6\69187cc3c8062f191df435b43671b0e5ffcbf353\gdx-freetype-1.9.6.jar;C:\Users\Fudan\.gradle\caches\modules-2\files-2.1\org.lwjgl.lwjgl\lwjgl\2.9.2\a9d80fe5935c7a9149f6584d9777cfd471f65489\lwjgl-2.9.2.jar;C:\Users\Fudan\.gradle\caches\modules-2\files-2.1\org.lwjgl.lwjgl\lwjgl_util\2.9.2\4b9e37300a87799856e0bd15ed81663cdb6b0947\lwjgl_util-2.9.2.jar;C:\Users\Fudan\.gradle\caches\modules-2\files-2.1\com.badlogicgames.jlayer\jlayer\1.0.1-gdx\7cca83cec5c1b2f011362f4d85aabd71a73b049d\jlayer-1.0.1-gdx.jar;C:\Users\Fudan\.gradle\caches\modules-2\files-2.1\
Launcher Type: SUN_STANDARD

Environment Variables:
PATH=C:\oraclexe\app\oracle\product\11.2.0\server\bin;;C:\ProgramData\Oracle\Java\javapath;C:\WINDOWS\system32;C:\WINDOWS;C:\WINDOWS\System32\Wbem;C:\WINDOWS\System32\WindowsPowerShell\v1.0\;C:\Users\Fudan\.dnx\bin;C:\Program Files\Microsoft DNX\Dnvm\;C:\Program Files\Microsoft SQL Server\130\Tools\Binn\;C:\Users\Fudan\AppData\Local\Microsoft\WindowsApps;C:\Users\Fudan\AppData\Local\atom\bin;C:\adb;C:\Program Files (x86)\NVIDIA Corporation\PhysX\Common;%SystemRoot%\system32;%SystemRoot%;%SystemRoot%\System32\Wbem;%SYSTEMROOT%\System32\WindowsPowerShell\v1.0\;C:\Users\Fudan\AppData\Local\Microsoft\WindowsApps;C:\Users\Fudan\AppData\Local\atom\bin;%USERPROFILE%\AppData\Local\Microsoft\WindowsApps;
USERNAME=Fudan
OS=Windows_NT
PROCESSOR_IDENTIFIER=Intel64 Family 6 Model 42 Stepping 7, GenuineIntel



---------------  S Y S T E M  ---------------

OS: Windows 10.0 , 64 bit Build 16299 (10.0.16299.15)

CPU:total 4 (initial active 4) (2 cores per cpu, 2 threads per core) family 6 model 42 stepping 7, cmov, cx8, fxsr, mmx, sse, sse2, sse3, ssse3, sse4.1, sse4.2, popcnt, avx, clmul, ht, tsc, tscinvbit

Memory: 4k page, physical 4155228k(257440k free), swap 10260600k(532k free)

vm_info: Java HotSpot(TM) 64-Bit Server VM (25.131-b11) for windows-amd64 JRE (1.8.0_131-b11), built on Mar 15 2017 01:23:53 by "java_re" with MS VC++ 10.0 (VS2010)

time: Sat Feb 03 23:06:23 2018
elapsed time: 5 seconds (0d 0h 0m 5s)

